<?xml version="1.0" encoding="UTF-8"?>
<!-- Generated by org.testng.reporters.JUnitXMLReporter -->
<testsuite ignored="15" hostname="CC-GTD-101" failures="1" tests="2" name="Pruebas" time="36.996" errors="0" timestamp="10 nov. 2022 16:07:52 GMT">
  <testcase classname="tests.CasosDePrueba" name="CP001_LoginOk" time="10.274"/>
  <testcase classname="tests.CasosDePrueba" name="CP002_LoginClaveVacia" time="20.53">
    <failure type="org.openqa.selenium.TimeoutException" message="Expected condition failed: waiting for presence of element located by: By.xpath: //body/ion-app[1]/ng-component[1]/div[1]/div[1]/div[1]/div[1]/ion-nav[1]/page-login[1]/ion-content[1]/div[2]/div[2]/div[1]/div[4]/form[1]/ion-item[2]/div[1]/div[1]/ion-input[1]/input[1] (tried for 20 second(s) with 500 milliseconds interval)">
      <![CDATA[org.openqa.selenium.TimeoutException: Expected condition failed: waiting for presence of element located by: By.xpath: //body/ion-app[1]/ng-component[1]/div[1]/div[1]/div[1]/div[1]/ion-nav[1]/page-login[1]/ion-content[1]/div[2]/div[2]/div[1]/div[4]/form[1]/ion-item[2]/div[1]/div[1]/ion-input[1]/input[1] (tried for 20 second(s) with 500 milliseconds interval)
at org.openqa.selenium.support.ui.WebDriverWait.timeoutException(WebDriverWait.java:95)
at org.openqa.selenium.support.ui.FluentWait.until(FluentWait.java:272)
at utils.ClaseBase.esperaExplicita(ClaseBase.java:172)
at pages.HomePage.irALoguearseParcialRun(HomePage.java:49)
at tests.CasosDePrueba.CP002_LoginClaveVacia(CasosDePrueba.java:113)
Caused by: org.openqa.selenium.NoSuchElementException: no such element: Unable to locate element: {"method":"xpath","selector":"//body/ion-app[1]/ng-component[1]/div[1]/div[1]/div[1]/div[1]/ion-nav[1]/page-login[1]/ion-content[1]/div[2]/div[2]/div[1]/div[4]/form[1]/ion-item[2]/div[1]/div[1]/ion-input[1]/input[1]"}
  (Session info: chrome=107.0.5304.89)
For documentation on this error, please visit: https://www.seleniumhq.org/exceptions/no_such_element.html
Build info: version: '3.141.59', revision: 'e82be7d358', time: '2018-11-14T08:17:03'
System info: host: 'CC-GTD-101', ip: '192.168.1.114', os.name: 'Windows 10', os.arch: 'amd64', os.version: '10.0', java.version: '17.0.2'
Driver info: org.openqa.selenium.chrome.ChromeDriver
Capabilities {acceptInsecureCerts: false, browserName: chrome, browserVersion: 107.0.5304.89, chrome: {chromedriverVersion: 107.0.5304.62 (1eec40d3a576..., userDataDir: C:\Users\cgarciag\AppData\L...}, goog:chromeOptions: {debuggerAddress: localhost:58029}, javascriptEnabled: true, networkConnectionEnabled: false, pageLoadStrategy: normal, platform: WINDOWS, platformName: WINDOWS, proxy: Proxy(), setWindowRect: true, strictFileInteractability: false, timeouts: {implicit: 0, pageLoad: 300000, script: 30000}, unhandledPromptBehavior: dismiss and notify, webauthn:extension:credBlob: true, webauthn:extension:largeBlob: true, webauthn:virtualAuthenticators: true}
Session ID: 00bdc7faf28fb4e188641838c00e8e2b
*** Element info: {Using=xpath, value=//body/ion-app[1]/ng-component[1]/div[1]/div[1]/div[1]/div[1]/ion-nav[1]/page-login[1]/ion-content[1]/div[2]/div[2]/div[1]/div[4]/form[1]/ion-item[2]/div[1]/div[1]/ion-input[1]/input[1]}
at org.openqa.selenium.remote.http.W3CHttpResponseCodec.createException(W3CHttpResponseCodec.java:187)
at org.openqa.selenium.remote.http.W3CHttpResponseCodec.decode(W3CHttpResponseCodec.java:122)
at org.openqa.selenium.remote.http.W3CHttpResponseCodec.decode(W3CHttpResponseCodec.java:49)
at org.openqa.selenium.remote.HttpCommandExecutor.execute(HttpCommandExecutor.java:158)
at org.openqa.selenium.remote.service.DriverCommandExecutor.execute(DriverCommandExecutor.java:83)
at org.openqa.selenium.remote.RemoteWebDriver.execute(RemoteWebDriver.java:552)
at org.openqa.selenium.remote.RemoteWebDriver.findElement(RemoteWebDriver.java:323)
at org.openqa.selenium.remote.RemoteWebDriver.findElementByXPath(RemoteWebDriver.java:428)
at org.openqa.selenium.By$ByXPath.findElement(By.java:353)
at org.openqa.selenium.remote.RemoteWebDriver.findElement(RemoteWebDriver.java:315)
at org.openqa.selenium.support.ui.ExpectedConditions$6.apply(ExpectedConditions.java:182)
at org.openqa.selenium.support.ui.ExpectedConditions$6.apply(ExpectedConditions.java:179)
at org.openqa.selenium.support.ui.FluentWait.until(FluentWait.java:249)
... 28 more
... Removed 29 stack frames]]>
    </failure>
  </testcase> <!-- CP002_LoginClaveVacia -->
  <testcase classname="tests.CasosDePrueba" name="CP008_LoginVacio" time="0.0">
    <ignored/>
  </testcase> <!-- CP008_LoginVacio -->
  <testcase classname="tests.CasosDePrueba" name="CP003_LoginUsuarioVacio" time="0.0">
    <ignored/>
  </testcase> <!-- CP003_LoginUsuarioVacio -->
  <testcase classname="tests.CasosDePrueba" name="CP007_Documentos" time="0.0">
    <ignored/>
  </testcase> <!-- CP007_Documentos -->
  <testcase classname="tests.CasosDePrueba" name="CP007_LoginNoOK2" time="0.0">
    <ignored/>
  </testcase> <!-- CP007_LoginNoOK2 -->
  <testcase classname="tests.CasosDePrueba" name="CP004_RegistrateNotOk" time="0.0">
    <ignored/>
  </testcase> <!-- CP004_RegistrateNotOk -->
  <testcase classname="tests.CasosDePrueba" name="CP004_LoginUsuarioInvalido" time="0.0">
    <ignored/>
  </testcase> <!-- CP004_LoginUsuarioInvalido -->
  <testcase classname="tests.CasosDePrueba" name="CP008_Beneficios" time="0.0">
    <ignored/>
  </testcase> <!-- CP008_Beneficios -->
  <testcase classname="tests.CasosDePrueba" name="CP004_Inicio" time="0.0">
    <ignored/>
  </testcase> <!-- CP004_Inicio -->
  <testcase classname="tests.CasosDePrueba" name="CP003_RegistrateOk" time="0.0">
    <ignored/>
  </testcase> <!-- CP003_RegistrateOk -->
  <testcase classname="tests.CasosDePrueba" name="CP006_LoginNoOK1" time="0.0">
    <ignored/>
  </testcase> <!-- CP006_LoginNoOK1 -->
  <testcase classname="tests.CasosDePrueba" name="CP009_VerPagos" time="0.0">
    <ignored/>
  </testcase> <!-- CP009_VerPagos -->
  <testcase classname="tests.CasosDePrueba" name="CP005_LoginClaveInvalida" time="0.0">
    <ignored/>
  </testcase> <!-- CP005_LoginClaveInvalida -->
  <testcase classname="tests.CasosDePrueba" name="CP005_Encuentranos" time="0.0">
    <ignored/>
  </testcase> <!-- CP005_Encuentranos -->
  <testcase classname="tests.CasosDePrueba" name="CP006_Capacitacion" time="0.0">
    <ignored/>
  </testcase> <!-- CP006_Capacitacion -->
  <testcase classname="tests.CasosDePrueba" name="CP005_IrAPagarMiCredito" time="0.0">
    <ignored/>
  </testcase> <!-- CP005_IrAPagarMiCredito -->
</testsuite> <!-- Pruebas -->
